<?xml version="1.0" encoding="UTF-8"?>
<!-- Generated by org.testng.reporters.JUnitReportReporter -->
<testsuite hostname="INH-LT11" name="testsuite.Node_Activity__UpdateTaskDetails_" tests="1" failures="0" timestamp="25 Jun 2021 08:10:36 GMT" time="118.397" errors="0">
  <testcase name="test" time="118.397" classname="testsuite.Node_Activity__UpdateTaskDetails_"/>
</testsuite> <!-- testsuite.Node_Activity__UpdateTaskDetails_ -->
