<?xml version="1.0" encoding="UTF-8"?>
<!-- Generated by org.testng.reporters.JUnitReportReporter -->
<testsuite hostname="INH-LT11" name="testsuite.Actions___Billing" tests="1" failures="0" timestamp="25 Jun 2021 09:29:50 GMT" time="88.291" errors="0">
  <testcase name="test" time="88.291" classname="testsuite.Actions___Billing"/>
</testsuite> <!-- testsuite.Actions___Billing -->
