<?xml version="1.0" encoding="UTF-8"?>
<!-- Generated by org.testng.reporters.JUnitReportReporter -->
<testsuite hostname="INH-LT11" name="testsuite.Actions___Costing" tests="1" failures="0" timestamp="25 Jun 2021 09:46:47 GMT" time="70.955" errors="0">
  <testcase name="test" time="70.955" classname="testsuite.Actions___Costing"/>
</testsuite> <!-- testsuite.Actions___Costing -->
