<?xml version="1.0" encoding="UTF-8"?>
<!-- Generated by org.testng.reporters.JUnitReportReporter -->
<testsuite hostname="INH-LT11" name="testsuite.UpdateProjectStatus" tests="1" failures="0" timestamp="23 Jun 2021 08:38:08 GMT" time="119.298" errors="0">
  <testcase name="test" time="119.298" classname="testsuite.UpdateProjectStatus"/>
</testsuite> <!-- testsuite.UpdateProjectStatus -->
