<?xml version="1.0" encoding="UTF-8"?>
<!-- Generated by org.testng.reporters.JUnitReportReporter -->
<testsuite hostname="INH-LT11" name="testsuite.Node_Activity__ManageProjectBudget_" tests="1" failures="0" timestamp="23 Jun 2021 09:12:47 GMT" time="83.023" errors="0">
  <testcase name="test" time="83.023" classname="testsuite.Node_Activity__ManageProjectBudget_"/>
</testsuite> <!-- testsuite.Node_Activity__ManageProjectBudget_ -->
