<?xml version="1.0" encoding="UTF-8"?>
<!-- Generated by org.testng.reporters.JUnitReportReporter -->
<testsuite hostname="INH-LT11" name="testsuite.ApproveProjectStatusChange" tests="1" failures="0" timestamp="25 Jun 2021 10:27:56 GMT" time="93.612" errors="0">
  <testcase name="test" time="93.612" classname="testsuite.ApproveProjectStatusChange"/>
</testsuite> <!-- testsuite.ApproveProjectStatusChange -->
