<?xml version="1.0" encoding="UTF-8"?>
<!-- Generated by org.testng.reporters.JUnitReportReporter -->
<testsuite hostname="INH-LT11" name="testsuite.Node_Activity__BaselineProjectPlan_" tests="1" failures="0" timestamp="22 Jun 2021 11:46:33 GMT" time="92.897" errors="0">
  <testcase name="test" time="92.897" classname="testsuite.Node_Activity__BaselineProjectPlan_"/>
</testsuite> <!-- testsuite.Node_Activity__BaselineProjectPlan_ -->
