<?xml version="1.0" encoding="UTF-8"?>
<!-- Generated by org.testng.reporters.JUnitReportReporter -->
<testsuite hostname="INH-LT11" name="testsuite.Node_Activity__ImportCosts_" tests="1" failures="0" timestamp="23 Jun 2021 08:39:58 GMT" time="73.842" errors="0">
  <testcase name="test" time="73.842" classname="testsuite.Node_Activity__ImportCosts_"/>
</testsuite> <!-- testsuite.Node_Activity__ImportCosts_ -->
