<?xml version="1.0" encoding="UTF-8"?>
<!-- Generated by org.testng.reporters.JUnitReportReporter -->
<testsuite hostname="INH-LT11" name="testsuite.Node_Activity__CreateAccounting_" tests="1" failures="0" timestamp="22 Jun 2021 12:07:15 GMT" time="64.571" errors="0">
  <testcase name="test" time="64.571" classname="testsuite.Node_Activity__CreateAccounting_"/>
</testsuite> <!-- testsuite.Node_Activity__CreateAccounting_ -->
