<?xml version="1.0" encoding="UTF-8"?>
<!-- Generated by org.testng.reporters.JUnitReportReporter -->
<testsuite hostname="INH-LT11" name="testsuite.Node_Activity__ResolveCostTransactionExceptions_" tests="1" failures="0" timestamp="24 Jun 2021 07:36:42 GMT" time="61.127" errors="0">
  <testcase name="test" time="61.127" classname="testsuite.Node_Activity__ResolveCostTransactionExceptions_"/>
</testsuite> <!-- testsuite.Node_Activity__ResolveCostTransactionExceptions_ -->
