<?xml version="1.0" encoding="UTF-8"?>
<!-- Generated by org.testng.reporters.JUnitReportReporter -->
<testsuite hostname="INH-LT11" name="testsuite.ProjectNumber____68_" tests="1" failures="0" timestamp="23 Jun 2021 07:58:57 GMT" time="59.104" errors="0">
  <testcase name="test" time="59.104" classname="testsuite.ProjectNumber____68_"/>
</testsuite> <!-- testsuite.ProjectNumber____68_ -->
