<?xml version="1.0" encoding="UTF-8"?>
<!-- Generated by org.testng.reporters.JUnitReportReporter -->
<testsuite hostname="INH-LT11" name="testsuite.Node_Activity__AddFinResurcesToATask_" tests="1" failures="0" timestamp="29 Jun 2021 08:00:21 GMT" time="114.282" errors="0">
  <testcase name="test" time="114.282" classname="testsuite.Node_Activity__AddFinResurcesToATask_"/>
</testsuite> <!-- testsuite.Node_Activity__AddFinResurcesToATask_ -->
