<?xml version="1.0" encoding="UTF-8"?>
<!-- Generated by org.testng.reporters.JUnitReportReporter -->
<testsuite hostname="INH-LT11" name="testsuite.Node_Activity__CaptureAndPublishProjectProgress_" tests="1" failures="0" timestamp="29 Jun 2021 08:35:01 GMT" time="133.144" errors="0">
  <testcase name="test" time="133.144" classname="testsuite.Node_Activity__CaptureAndPublishProjectProgress_"/>
</testsuite> <!-- testsuite.Node_Activity__CaptureAndPublishProjectProgress_ -->
