<?xml version="1.0" encoding="UTF-8"?>
<!-- Generated by org.testng.reporters.JUnitReportReporter -->
<testsuite hostname="INH-LT11" name="testsuite.Node_Activity__ManageUnprocessedTransactions_" tests="1" failures="0" timestamp="23 Jun 2021 10:07:24 GMT" time="65.967" errors="0">
  <testcase name="test" time="65.967" classname="testsuite.Node_Activity__ManageUnprocessedTransactions_"/>
</testsuite> <!-- testsuite.Node_Activity__ManageUnprocessedTransactions_ -->
