<?xml version="1.0" encoding="UTF-8"?>
<!-- Generated by org.testng.reporters.JUnitReportReporter -->
<testsuite hostname="INH-LT11" name="testsuite.Node_Activity__UpdateProjectDetails_" tests="1" failures="0" timestamp="28 Jun 2021 10:51:24 GMT" time="134.132" errors="0">
  <testcase name="test" time="134.132" classname="testsuite.Node_Activity__UpdateProjectDetails_"/>
</testsuite> <!-- testsuite.Node_Activity__UpdateProjectDetails_ -->
