<?xml version="1.0" encoding="UTF-8"?>
<!-- Generated by org.testng.reporters.JUnitReportReporter -->
<testsuite hostname="INH-LT11" name="testsuite.Node_Activity__UpdateContractLine" tests="1" failures="0" timestamp="1 Jul 2021 10:40:54 GMT" time="117.187" errors="0">
  <testcase name="test" time="117.187" classname="testsuite.Node_Activity__UpdateContractLine"/>
</testsuite> <!-- testsuite.Node_Activity__UpdateContractLine -->
