<?xml version="1.0" encoding="UTF-8"?>
<!-- Generated by org.testng.reporters.JUnitReportReporter -->
<testsuite hostname="INH-LT11" name="testsuite.Node_Activity__ReviewProjectCost_" tests="1" failures="0" timestamp="24 Jun 2021 08:37:02 GMT" time="76.913" errors="0">
  <testcase name="test" time="76.913" classname="testsuite.Node_Activity__ReviewProjectCost_"/>
</testsuite> <!-- testsuite.Node_Activity__ReviewProjectCost_ -->
