<?xml version="1.0" encoding="UTF-8"?>
<!-- Generated by org.testng.reporters.JUnitReportReporter -->
<testsuite hostname="INH-LT11" name="testsuite.Node_Activity__ProjectManagementHomePage_" tests="1" failures="0" timestamp="24 Jun 2021 06:46:45 GMT" time="100.269" errors="0">
  <testcase name="test" time="100.269" classname="testsuite.Node_Activity__ProjectManagementHomePage_"/>
</testsuite> <!-- testsuite.Node_Activity__ProjectManagementHomePage_ -->
