<?xml version="1.0" encoding="UTF-8"?>
<!-- Generated by org.testng.reporters.JUnitReportReporter -->
<testsuite hostname="INH-LT11" name="testsuite.Node_Activity__UpdateTaskServiceType_" tests="1" failures="0" timestamp="24 Jun 2021 10:49:10 GMT" time="158.230" errors="0">
  <testcase name="test" time="158.230" classname="testsuite.Node_Activity__UpdateTaskServiceType_"/>
</testsuite> <!-- testsuite.Node_Activity__UpdateTaskServiceType_ -->
