<?xml version="1.0" encoding="UTF-8"?>
<!-- Generated by org.testng.reporters.JUnitReportReporter -->
<testsuite hostname="INH-LT11" name="testsuite.Node_Activity__AmendingTheContract" tests="1" failures="0" timestamp="30 Jun 2021 12:21:07 GMT" time="165.434" errors="0">
  <testcase name="test" time="165.434" classname="testsuite.Node_Activity__AmendingTheContract"/>
</testsuite> <!-- testsuite.Node_Activity__AmendingTheContract -->
